2024-12-01 16:57:57,850 - INFO - 데이터 로드 완료: 1146회차
2024-12-01 16:57:57,851 - INFO - 데이터베이스 연결 성공: 1146개의 로또 회차 데이터
2024-12-01 16:58:13,193 - INFO - 예측 작업 시작
2024-12-01 16:58:13,194 - INFO - 데이터 로드 중...
2024-12-01 16:58:13,196 - INFO - 데이터 로드 완료: 47회차
2024-12-01 16:58:13,197 - INFO - 총 47회차의 로또 데이터 로드 완료
2024-12-01 16:58:13,198 - INFO - 데이터 전처리 완료
2024-12-01 16:58:13,198 - INFO - 입력 데이터 shape: (22, 4, 45)
2024-12-01 16:58:13,198 - INFO - 출력 데이터 shape: (22, 45)
2024-12-01 16:58:13,200 - INFO - 
데이터 전처리 결과:
2024-12-01 16:58:13,219 - INFO - 입력 데이터 shape: (22, 4, 45)
2024-12-01 16:58:13,220 - INFO - 출력 데이터 shape: (22, 45)
2024-12-01 16:58:13,321 - INFO - 강화학습 시작...
2024-12-01 16:58:13,322 - INFO - 학습 데이터 크기: 47 회차
2024-12-01 16:58:13,322 - INFO - 
강화학습 모델 처리 시작...
2024-12-01 16:58:13,322 - INFO - 배치 크기: 64
2024-12-01 16:58:13,323 - INFO - 에피소드 수: 1000
2024-12-01 16:58:13,323 - INFO - 모델 학습 중...
2024-12-01 16:58:13,327 - INFO - Episode: 0/1000, Average Reward: -0.90, Epsilon: 0.9950
2024-12-01 16:58:40,238 - INFO - Episode: 100/1000, Average Reward: -1.06, Epsilon: 0.3820
2024-12-01 16:59:20,817 - INFO - Episode: 200/1000, Average Reward: -0.94, Epsilon: 0.1402
2024-12-01 17:00:08,208 - INFO - Episode: 300/1000, Average Reward: -1.05, Epsilon: 0.0514
2024-12-01 17:00:52,935 - INFO - Episode: 400/1000, Average Reward: -1.09, Epsilon: 0.0189
2024-12-01 17:01:36,719 - INFO - Episode: 500/1000, Average Reward: -1.15, Epsilon: 0.0100
2024-12-01 17:02:20,776 - INFO - Episode: 600/1000, Average Reward: -1.07, Epsilon: 0.0100
2024-12-01 17:03:06,354 - INFO - Episode: 700/1000, Average Reward: -1.03, Epsilon: 0.0100
2024-12-01 17:03:56,193 - INFO - Episode: 800/1000, Average Reward: -0.94, Epsilon: 0.0100
2024-12-01 17:04:46,241 - INFO - Episode: 900/1000, Average Reward: -0.89, Epsilon: 0.0100
2024-12-01 17:05:36,153 - INFO - 모델 저장 완료: best_models/reinforcement_model.keras
2024-12-01 17:05:36,153 - INFO - 
=== 학습 완료 ===
2024-12-01 17:05:36,153 - INFO - 최종 평균 보상: -1.04
2024-12-01 17:05:36,153 - INFO - 최종 탐험률: 0.0100
2024-12-01 17:05:36,153 - INFO - 메모리 크기: 2000
2024-12-01 17:05:36,155 - INFO - 
번호 예측 중...
2024-12-01 17:05:36,215 - INFO - 학습된 상위 20개 번호: [2, 22, 26, 44, 40, 34, 36, 14, 11, 18, 23, 3, 43, 42, 24, 39, 25, 33, 4, 12]
2024-12-01 17:05:36,216 - INFO - 세트 1 예측 완료: [3, 4, 11, 12, 18, 33]
2024-12-01 17:05:36,219 - INFO - 세트 1 예측 완료: [3, 4, 11, 12, 18, 33]
2024-12-01 17:05:36,279 - INFO - 학습된 상위 20개 번호: [2, 22, 26, 44, 40, 34, 36, 14, 11, 18, 23, 3, 43, 42, 24, 39, 25, 33, 4, 12]
2024-12-01 17:05:36,279 - INFO - 세트 1 예측 완료: [3, 4, 12, 25, 33, 42]
2024-12-01 17:05:36,280 - INFO - 세트 2 예측 완료: [3, 4, 12, 25, 33, 42]
2024-12-01 17:05:36,282 - INFO - 
결과가 저장되었습니다: predictions/results_20241201_170536.csv
2024-12-01 17:05:36,282 - INFO - 예측 결과 - 세트  1: [3, 4, 11, 12, 18, 33]
2024-12-01 17:05:36,282 - INFO - 예측 결과 - 세트  2: [3, 4, 12, 25, 33, 42]
2024-12-01 17:05:36,283 - INFO - 예측 작업 완료
