2024-12-01 16:20:06,461 - INFO - 데이터 로드 완료: 1146회차
2024-12-01 16:20:06,462 - INFO - 데이터베이스 연결 성공: 1146개의 로또 회차 데이터
2024-12-01 16:20:28,192 - INFO - 예측 작업 시작
2024-12-01 16:20:28,193 - INFO - 데이터 로드 중...
2024-12-01 16:20:28,194 - INFO - 데이터 로드 완료: 147회차
2024-12-01 16:20:28,197 - INFO - 총 147회차의 로또 데이터 로드 완료
2024-12-01 16:20:28,203 - INFO - 데이터 전처리 완료
2024-12-01 16:20:28,204 - INFO - 입력 데이터 shape: (127, 20, 45)
2024-12-01 16:20:28,204 - INFO - 출력 데이터 shape: (127, 45)
2024-12-01 16:20:28,205 - INFO - 
데이터 전처리 결과:
2024-12-01 16:20:28,224 - INFO - 입력 데이터 shape: (127, 20, 45)
2024-12-01 16:20:28,225 - INFO - 출력 데이터 shape: (127, 45)
2024-12-01 16:20:28,324 - INFO - 강화학습 시작...
2024-12-01 16:20:28,326 - INFO - 학습 데이터 크기: 147 회차
2024-12-01 16:20:28,326 - INFO - 배치 크기: 64
2024-12-01 16:20:28,326 - INFO - 에피소드 수: 1000
2024-12-01 16:20:28,325 - INFO - 
강화학습 모델 처리 시작...
2024-12-01 16:20:28,326 - INFO - 모델 학습 중...
2024-12-01 16:20:28,331 - INFO - Episode: 0/1000, Average Reward: -0.90, Epsilon: 0.9950
2024-12-01 16:20:54,539 - INFO - Episode: 100/1000, Average Reward: -1.16, Epsilon: 0.3820
2024-12-01 16:21:31,064 - INFO - Episode: 200/1000, Average Reward: -1.14, Epsilon: 0.1402
2024-12-01 16:22:13,402 - INFO - Episode: 300/1000, Average Reward: -1.16, Epsilon: 0.0514
2024-12-01 16:23:01,127 - INFO - Episode: 400/1000, Average Reward: -1.17, Epsilon: 0.0189
2024-12-01 16:23:49,042 - INFO - Episode: 500/1000, Average Reward: -1.21, Epsilon: 0.0100
2024-12-01 16:24:39,141 - INFO - Episode: 600/1000, Average Reward: -1.17, Epsilon: 0.0100
2024-12-01 16:25:27,752 - INFO - Episode: 700/1000, Average Reward: -1.29, Epsilon: 0.0100
2024-12-01 16:26:16,699 - INFO - Episode: 800/1000, Average Reward: -1.15, Epsilon: 0.0100
2024-12-01 16:27:05,489 - INFO - Episode: 900/1000, Average Reward: -1.23, Epsilon: 0.0100
2024-12-01 16:27:54,513 - INFO - 모델 저장 완료: best_models/reinforcement_model.keras
2024-12-01 16:27:54,513 - INFO - 
=== 학습 완료 ===
2024-12-01 16:27:54,513 - INFO - 최종 평균 보상: -1.25
2024-12-01 16:27:54,513 - INFO - 최종 탐험률: 0.0100
2024-12-01 16:27:54,513 - INFO - 메모리 크기: 2000
2024-12-01 16:27:54,515 - INFO - 
번호 예측 중...
2024-12-01 16:27:54,749 - INFO - 예측된 번호: [10, 13, 17, 26, 35, 39]
2024-12-01 16:27:54,751 - INFO - 세트 1 예측 완료: [10, 13, 17, 26, 35, 39]
2024-12-01 16:27:55,033 - INFO - 예측된 번호: [2, 5, 10, 28, 30, 39]
2024-12-01 16:27:55,035 - INFO - 세트 2 예측 완료: [2, 5, 10, 28, 30, 39]
2024-12-01 16:27:55,271 - INFO - 예측된 번호: [20, 21, 25, 33, 39, 43]
2024-12-01 16:27:55,272 - INFO - 세트 3 예측 완료: [20, 21, 25, 33, 39, 43]
2024-12-01 16:27:55,543 - INFO - 예측된 번호: [2, 5, 17, 26, 28, 30]
2024-12-01 16:27:55,546 - INFO - 세트 4 예측 완료: [2, 5, 17, 26, 28, 30]
2024-12-01 16:27:55,786 - INFO - 예측된 번호: [8, 14, 19, 22, 27, 39]
2024-12-01 16:27:55,787 - INFO - 세트 5 예측 완료: [8, 14, 19, 22, 27, 39]
2024-12-01 16:27:55,789 - INFO - 
결과가 저장되었습니다: predictions/results_20241201_162755.csv
2024-12-01 16:27:55,792 - INFO - 예측 결과 - 세트  1: [10, 13, 17, 26, 35, 39]
2024-12-01 16:27:55,792 - INFO - 예측 결과 - 세트  2: [2, 5, 10, 28, 30, 39]
2024-12-01 16:27:55,792 - INFO - 예측 결과 - 세트  3: [20, 21, 25, 33, 39, 43]
2024-12-01 16:27:55,792 - INFO - 예측 결과 - 세트  4: [2, 5, 17, 26, 28, 30]
2024-12-01 16:27:55,793 - INFO - 예측 결과 - 세트  5: [8, 14, 19, 22, 27, 39]
2024-12-01 16:27:55,794 - INFO - 예측 작업 완료

1. epsilon-greedy 전략 도입 (30% 확률로 무작위 선택)
2. Q값이 높은 상위 5개 중에서 무작위 선택
3. 매 번호 선택마다 새로운 상태 계산
4. 선택 과정에 더 많은 무작위성 추가
5. 최대 시도 횟수 제한