2024-12-01 18:01:33,729 - INFO - 데이터 로드 완료: 1146회차
2024-12-01 18:01:33,730 - INFO - 데이터베이스 연결 성공: 1146개의 로또 회차 데이터
2024-12-01 18:01:45,316 - INFO - 예측 작업 시작
2024-12-01 18:01:45,317 - INFO - 데이터 로드 중...
2024-12-01 18:01:45,318 - INFO - 데이터 로드 완료: 47회차
2024-12-01 18:01:45,319 - INFO - 총 47회차의 로또 데이터 로드 완료
2024-12-01 18:01:45,320 - INFO - 데이터 전처리 완료
2024-12-01 18:01:45,320 - INFO - 입력 데이터 shape: (22, 4, 45)
2024-12-01 18:01:45,320 - INFO - 출력 데이터 shape: (22, 45)
2024-12-01 18:01:45,339 - INFO - 
데이터 전처리 결과:
2024-12-01 18:01:45,351 - INFO - 입력 데이터 shape: (22, 4, 45)
2024-12-01 18:01:45,351 - INFO - 출력 데이터 shape: (22, 45)
2024-12-01 18:01:45,516 - INFO - 하이브리드 모델 구축 완료
2024-12-01 18:01:46,240 - WARNING - From G:\anaconda3\envs\tensorflow\Lib\site-packages\keras\src\backend\tensorflow\core.py:204: The name tf.placeholder is deprecated. Please use tf.compat.v1.placeholder instead.

2024-12-01 18:01:46,764 - INFO - 트랜스포머 모델 구축 완료
2024-12-01 18:01:46,774 - INFO - Model: "functional_7"
┌─────────────────────────────────┬────────────────────────┬───────────────┐
│ Layer (type)                    │ Output Shape           │       Param # │
├─────────────────────────────────┼────────────────────────┼───────────────┤
│ input_layer_2 (InputLayer)      │ (None, 10, 45)         │             0 │
├─────────────────────────────────┼────────────────────────┼───────────────┤
│ dense_8 (Dense)                 │ (None, 10, 64)         │         2,944 │
├─────────────────────────────────┼────────────────────────┼───────────────┤
│ add (Add)                       │ (None, 10, 64)         │             0 │
├─────────────────────────────────┼────────────────────────┼───────────────┤
│ transformer_block               │ (None, 10, 64)         │       141,248 │
│ (TransformerBlock)              │                        │               │
├─────────────────────────────────┼────────────────────────┼───────────────┤
│ transformer_block_1             │ (None, 10, 64)         │       141,248 │
│ (TransformerBlock)              │                        │               │
├─────────────────────────────────┼────────────────────────┼───────────────┤
│ transformer_block_2             │ (None, 10, 64)         │       141,248 │
│ (TransformerBlock)              │                        │               │
├─────────────────────────────────┼────────────────────────┼───────────────┤
│ transformer_block_3             │ (None, 10, 64)         │       141,248 │
│ (TransformerBlock)              │                        │               │
├─────────────────────────────────┼────────────────────────┼───────────────┤
│ global_average_pooling1d        │ (None, 64)             │             0 │
│ (GlobalAveragePooling1D)        │                        │               │
├─────────────────────────────────┼────────────────────────┼───────────────┤
│ dropout_16 (Dropout)            │ (None, 64)             │             0 │
├─────────────────────────────────┼────────────────────────┼───────────────┤
│ dense_17 (Dense)                │ (None, 256)            │        16,640 │
├─────────────────────────────────┼────────────────────────┼───────────────┤
│ dropout_17 (Dropout)            │ (None, 256)            │             0 │
├─────────────────────────────────┼────────────────────────┼───────────────┤
│ dense_18 (Dense)                │ (None, 45)             │        11,565 │
└─────────────────────────────────┴────────────────────────┴───────────────┘
 Total params: 596,141 (2.27 MB)
 Trainable params: 596,141 (2.27 MB)
 Non-trainable params: 0 (0.00 B)

2024-12-01 18:01:46,777 - INFO - 
앙상블 모델 처리 시작...
2024-12-01 18:01:46,777 - INFO - 모델 학습 중...
2024-12-01 18:01:46,777 - INFO - 
=== 혼합 모델 학습 시작 ===
2024-12-01 18:01:46,777 - ERROR - 모델 학습 중 오류 발생: too many values to unpack (expected 3)
2024-12-01 18:01:46,777 - ERROR - 혼합 모델 학습 중 오류: too many values to unpack (expected 3)
2024-12-01 18:01:46,777 - INFO - 
=== 강화학습 모델 학습 시작 ===
2024-12-01 18:01:46,777 - INFO - 강화학습 시작...
2024-12-01 18:01:46,777 - INFO - 학습 데이터 크기: 47 회차
2024-12-01 18:01:46,777 - INFO - 배치 크기: 64
2024-12-01 18:01:46,777 - INFO - 에피소드 수: 100
2024-12-01 18:01:46,782 - INFO - Episode: 0/100, Average Reward: -1.10, Epsilon: 0.9950
2024-12-01 18:02:14,662 - INFO - 모델 저장 완료: best_models/reinforcement_model.keras
2024-12-01 18:02:14,662 - INFO - 
=== 학습 완료 ===
2024-12-01 18:02:14,662 - INFO - 최종 평균 보상: -1.13
2024-12-01 18:02:14,662 - INFO - 최종 탐험률: 0.3858
2024-12-01 18:02:14,662 - INFO - 메모리 크기: 600
2024-12-01 18:02:14,662 - INFO - 
=== 유전 알고리즘 모델 학습 시작 ===
2024-12-01 18:02:14,664 - INFO - 초기 개체군 생성 완료: 100개 염색체
2024-12-01 18:02:14,664 - INFO - 진화 시작: 100세대
2024-12-01 18:02:14,679 - INFO - 세대 0/100, 최고 적합도: 15.97
2024-12-01 18:02:14,862 - INFO - 세대 10/100, 최고 적합도: 37.03
2024-12-01 18:02:14,997 - INFO - 세대 20/100, 최고 적합도: 44.00
2024-12-01 18:02:15,134 - INFO - 세대 30/100, 최고 적합도: 44.00
2024-12-01 18:02:15,266 - INFO - 세대 40/100, 최고 적합도: 44.00
2024-12-01 18:02:15,419 - INFO - 세대 50/100, 최고 적합도: 44.00
2024-12-01 18:02:15,562 - INFO - 세대 60/100, 최고 적합도: 44.00
2024-12-01 18:02:15,706 - INFO - 세대 70/100, 최고 적합도: 44.00
2024-12-01 18:02:15,836 - INFO - 세대 80/100, 최고 적합도: 44.00
2024-12-01 18:02:15,973 - INFO - 세대 90/100, 최고 적합도: 44.00
2024-12-01 18:02:16,108 - INFO - 진화 완료
2024-12-01 18:02:16,109 - INFO - 
=== 트랜스포머 모델 학습 시작 ===
2024-12-01 18:02:28,825 - INFO - 
=== 학습 결과 ===
2024-12-01 18:02:28,825 - INFO - 최종 훈련 손실: 24.6438
2024-12-01 18:02:28,825 - INFO - 최종 훈련 정확도: 0.0270
2024-12-01 18:02:28,826 - INFO - 
=== 통계 기반 모델 학습 시작 ===
2024-12-01 18:02:28,826 - INFO - 통계 분석 시작...
2024-12-01 18:02:28,834 - INFO - 최대 연속 기록: 1회
2024-12-01 18:02:28,836 - INFO - 통계 분석 완료
2024-12-01 18:02:28,836 - INFO - 
=== 통계 분석 결과 ===
2024-12-01 18:02:28,836 - INFO - 
최다 출현 번호:
2024-12-01 18:02:28,836 - INFO - 번호 6: 10회
2024-12-01 18:02:28,836 - INFO - 번호 33: 11회
2024-12-01 18:02:28,837 - INFO - 번호 30: 11회
2024-12-01 18:02:28,837 - INFO - 번호 13: 11회
2024-12-01 18:02:28,837 - INFO - 번호 19: 11회
2024-12-01 18:02:28,837 - INFO - 
최소 출현 번호:
2024-12-01 18:02:28,837 - INFO - 번호 18: 0회
2024-12-01 18:02:28,837 - INFO - 번호 23: 1회
2024-12-01 18:02:28,837 - INFO - 번호 39: 2회
2024-12-01 18:02:28,837 - INFO - 번호 43: 3회
2024-12-01 18:02:28,837 - INFO - 번호 8: 3회
2024-12-01 18:02:28,837 - INFO - 
구간별 분포:
2024-12-01 18:02:28,837 - INFO - 1-10: 21.63%
2024-12-01 18:02:28,837 - INFO - 11-20: 25.53%
2024-12-01 18:02:28,837 - INFO - 21-30: 19.15%
2024-12-01 18:02:28,837 - INFO - 31-40: 24.82%
2024-12-01 18:02:28,837 - INFO - 41-45: 8.87%
2024-12-01 18:02:28,839 - INFO - 
=== 업데이트된 가중치 ===
2024-12-01 18:02:28,840 - INFO - 혼합 모델: 0.3000
2024-12-01 18:02:28,840 - INFO - 강화학습 모델: 0.2000
2024-12-01 18:02:28,840 - INFO - 유전 알고리즘 모델: 0.2000
2024-12-01 18:02:28,840 - INFO - 트랜스포머 모델: 0.1500
2024-12-01 18:02:28,840 - INFO - 통계 기반 모델: 0.1500
2024-12-01 18:02:28,840 - ERROR - 번호 예측 중 오류 발생: too many values to unpack (expected 2)
2024-12-01 18:02:28,840 - ERROR - 혼합 모델 예측 중 오류: too many values to unpack (expected 2)
2024-12-01 18:02:28,840 - INFO - 
번호 예측 중...
2024-12-01 18:02:28,895 - INFO - 학습된 상위 20개 번호: [36, 40, 16, 32, 7, 9, 13, 14, 1, 18, 6, 31, 23, 2, 17, 35, 11, 24, 25, 34]
2024-12-01 18:02:28,896 - INFO - 세트 1 예측 완료: [9, 18, 31, 34, 35, 36]
2024-12-01 18:02:28,897 - INFO - 초기 개체군 생성 완료: 100개 염색체
2024-12-01 18:02:28,897 - INFO - 진화 시작: 20세대
2024-12-01 18:02:28,913 - INFO - 세대 0/20, 최고 적합도: 4.36
2024-12-01 18:02:29,062 - INFO - 세대 10/20, 최고 적합도: 43.56
2024-12-01 18:02:29,183 - INFO - 진화 완료
2024-12-01 18:02:29,191 - INFO - 세트 1 예측 완료: [4, 12, 15, 26, 33, 45]
2024-12-01 18:02:29,193 - INFO - 초기 개체군 생성 완료: 100개 염색체
2024-12-01 18:02:29,193 - INFO - 진화 시작: 20세대
2024-12-01 18:02:29,207 - INFO - 세대 0/20, 최고 적합도: 15.84
2024-12-01 18:02:29,357 - INFO - 세대 10/20, 최고 적합도: 37.03
2024-12-01 18:02:29,511 - INFO - 진화 완료
2024-12-01 18:02:29,530 - INFO - 세트 2 예측 완료: [2, 8, 11, 33, 37, 44]
2024-12-01 18:02:29,531 - INFO - 초기 개체군 생성 완료: 100개 염색체
2024-12-01 18:02:29,531 - INFO - 진화 시작: 20세대
2024-12-01 18:02:29,553 - INFO - 세대 0/20, 최고 적합도: 19.80
2024-12-01 18:02:29,709 - INFO - 세대 10/20, 최고 적합도: 40.26
2024-12-01 18:02:29,844 - INFO - 진화 완료
2024-12-01 18:02:29,853 - INFO - 세트 3 예측 완료: [4, 9, 12, 15, 33, 45]
2024-12-01 18:02:29,855 - INFO - 초기 개체군 생성 완료: 100개 염색체
2024-12-01 18:02:29,855 - INFO - 진화 시작: 20세대
2024-12-01 18:02:29,869 - INFO - 세대 0/20, 최고 적합도: 24.20
2024-12-01 18:02:30,014 - INFO - 세대 10/20, 최고 적합도: 44.00
2024-12-01 18:02:30,139 - INFO - 진화 완료
2024-12-01 18:02:30,152 - INFO - 세트 4 예측 완료: [6, 24, 31, 32, 38, 44]
2024-12-01 18:02:30,153 - INFO - 초기 개체군 생성 완료: 100개 염색체
2024-12-01 18:02:30,153 - INFO - 진화 시작: 20세대
2024-12-01 18:02:30,167 - INFO - 세대 0/20, 최고 적합도: 15.97
2024-12-01 18:02:30,320 - INFO - 세대 10/20, 최고 적합도: 72.60
2024-12-01 18:02:30,454 - INFO - 진화 완료
2024-12-01 18:02:30,467 - INFO - 세트 5 예측 완료: [2, 19, 26, 31, 38, 41]
2024-12-01 18:02:30,468 - INFO - 초기 개체군 생성 완료: 100개 염색체
2024-12-01 18:02:30,468 - INFO - 진화 시작: 20세대
2024-12-01 18:02:30,481 - INFO - 세대 0/20, 최고 적합도: 15.97
2024-12-01 18:02:30,643 - INFO - 세대 10/20, 최고 적합도: 38.48
2024-12-01 18:02:30,775 - INFO - 진화 완료
2024-12-01 18:02:30,784 - INFO - 세트 6 예측 완료: [21, 33, 35, 38, 42, 44]
2024-12-01 18:02:31,349 - INFO - 예측된 번호: [4, 5, 6, 12, 20, 43]
2024-12-01 18:02:31,349 - INFO - 각 번호의 확률: [0.0325, 0.0083, 0.0370, 0.0356, 0.0250, 0.0167]
2024-12-01 18:02:31,349 - INFO - 
=== 예측 결과 ===
2024-12-01 18:02:31,349 - INFO - 선택된 번호: [3, 15, 17, 22, 30, 42]
2024-12-01 18:02:31,349 - INFO - 
번호 3 통계:
 - 전체 출현 횟수: 8
 - 출현 확률: 0.1702
 - 최근 출현: 1회
 - 자주 함께 나온 번호: [45, 34, 33, 4, 30]
2024-12-01 18:02:31,349 - INFO - 
번호 15 통계:
 - 전체 출현 횟수: 7
 - 출현 확률: 0.1489
 - 최근 출현: 3회
 - 자주 함께 나온 번호: [31, 25, 37, 12, 30]
2024-12-01 18:02:31,349 - INFO - 
번호 17 통계:
 - 전체 출현 횟수: 6
 - 출현 확률: 0.1277
 - 최근 출현: 2회
 - 자주 함께 나온 번호: [11, 43, 16, 31, 30]
2024-12-01 18:02:31,350 - INFO - 
번호 22 통계:
 - 전체 출현 횟수: 3
 - 출현 확률: 0.0638
 - 최근 출현: 1회
 - 자주 함께 나온 번호: [26, 14, 10, 38, 7]
2024-12-01 18:02:31,350 - INFO - 
번호 30 통계:
 - 전체 출현 횟수: 11
 - 출현 확률: 0.2340
 - 최근 출현: 2회
 - 자주 함께 나온 번호: [17, 15, 33, 3, 31]
2024-12-01 18:02:31,350 - INFO - 
번호 42 통계:
 - 전체 출현 횟수: 4
 - 출현 확률: 0.0851
 - 최근 출현: 0회
 - 자주 함께 나온 번호: [3, 29, 45, 44, 36]
2024-12-01 18:02:31,350 - INFO - 앙상블 최종 예측: [4, 9, 12, 15, 18, 26]
2024-12-01 18:02:31,350 - ERROR - 번호 예측 중 오류 발생: too many values to unpack (expected 2)
2024-12-01 18:02:31,351 - INFO - 세트 1 예측 완료: [4, 9, 12, 15, 18, 26]
2024-12-01 18:02:31,351 - ERROR - 혼합 모델 예측 중 오류: too many values to unpack (expected 2)
2024-12-01 18:02:31,404 - INFO - 학습된 상위 20개 번호: [36, 40, 16, 32, 7, 9, 13, 14, 1, 18, 6, 31, 23, 2, 17, 35, 11, 24, 25, 34]
2024-12-01 18:02:31,405 - INFO - 세트 1 예측 완료: [1, 6, 7, 24, 31, 34]
2024-12-01 18:02:31,406 - INFO - 초기 개체군 생성 완료: 100개 염색체
2024-12-01 18:02:31,406 - INFO - 진화 시작: 20세대
2024-12-01 18:02:31,424 - INFO - 세대 0/20, 최고 적합도: 11.62
2024-12-01 18:02:31,582 - INFO - 세대 10/20, 최고 적합도: 60.50
2024-12-01 18:02:31,737 - INFO - 진화 완료
2024-12-01 18:02:31,745 - INFO - 세트 1 예측 완료: [6, 11, 17, 19, 40, 43]
2024-12-01 18:02:31,747 - INFO - 초기 개체군 생성 완료: 100개 염색체
2024-12-01 18:02:31,747 - INFO - 진화 시작: 20세대
2024-12-01 18:02:31,760 - INFO - 세대 0/20, 최고 적합도: 14.52
2024-12-01 18:02:31,906 - INFO - 세대 10/20, 최고 적합도: 38.48
2024-12-01 18:02:32,042 - INFO - 진화 완료
2024-12-01 18:02:32,050 - INFO - 세트 2 예측 완료: [2, 6, 19, 31, 38, 41]
2024-12-01 18:02:32,051 - INFO - 초기 개체군 생성 완료: 100개 염색체
2024-12-01 18:02:32,052 - INFO - 진화 시작: 20세대
2024-12-01 18:02:32,065 - INFO - 세대 0/20, 최고 적합도: 12.10
2024-12-01 18:02:32,215 - INFO - 세대 10/20, 최고 적합도: 72.60
2024-12-01 18:02:32,378 - INFO - 진화 완료
2024-12-01 18:02:32,389 - INFO - 세트 3 예측 완료: [2, 8, 18, 28, 30, 37]
2024-12-01 18:02:32,391 - INFO - 초기 개체군 생성 완료: 100개 염색체
2024-12-01 18:02:32,391 - INFO - 진화 시작: 20세대
2024-12-01 18:02:32,416 - INFO - 세대 0/20, 최고 적합도: 17.42
2024-12-01 18:02:32,579 - INFO - 세대 10/20, 최고 적합도: 40.92
2024-12-01 18:02:32,713 - INFO - 진화 완료
2024-12-01 18:02:32,722 - INFO - 세트 4 예측 완료: [4, 9, 12, 15, 33, 45]
2024-12-01 18:02:32,723 - INFO - 초기 개체군 생성 완료: 100개 염색체
2024-12-01 18:02:32,723 - INFO - 진화 시작: 20세대
2024-12-01 18:02:32,736 - INFO - 세대 0/20, 최고 적합도: 15.73
2024-12-01 18:02:32,896 - INFO - 세대 10/20, 최고 적합도: 38.48
2024-12-01 18:02:33,039 - INFO - 진화 완료
2024-12-01 18:02:33,059 - INFO - 세트 5 예측 완료: [1, 6, 13, 19, 21, 33]
2024-12-01 18:02:33,061 - INFO - 초기 개체군 생성 완료: 100개 염색체
2024-12-01 18:02:33,061 - INFO - 진화 시작: 20세대
2024-12-01 18:02:33,082 - INFO - 세대 0/20, 최고 적합도: 14.52
2024-12-01 18:02:33,238 - INFO - 세대 10/20, 최고 적합도: 72.60
2024-12-01 18:02:33,366 - INFO - 진화 완료
2024-12-01 18:02:33,375 - INFO - 세트 6 예측 완료: [6, 22, 25, 33, 40, 44]
2024-12-01 18:02:33,431 - INFO - 예측된 번호: [2, 19, 26, 30, 36, 44]
2024-12-01 18:02:33,431 - INFO - 각 번호의 확률: [0.0357, 0.0262, 0.0261, 0.0224, 0.0151, 0.0835]
2024-12-01 18:02:33,431 - INFO - 
=== 예측 결과 ===
2024-12-01 18:02:33,431 - INFO - 선택된 번호: [8, 21, 23, 27, 31, 43]
2024-12-01 18:02:33,431 - INFO - 
번호 8 통계:
 - 전체 출현 횟수: 3
 - 출현 확률: 0.0638
 - 최근 출현: 1회
 - 자주 함께 나온 번호: [17, 37, 30, 28, 33]
2024-12-01 18:02:33,431 - INFO - 
번호 21 통계:
 - 전체 출현 횟수: 8
 - 출현 확률: 0.1702
 - 최근 출현: 1회
 - 자주 함께 나온 번호: [7, 1, 19, 13, 35]
2024-12-01 18:02:33,431 - INFO - 
번호 23 통계:
 - 전체 출현 횟수: 1
 - 출현 확률: 0.0213
 - 최근 출현: 0회
 - 자주 함께 나온 번호: [32, 12, 34, 36, 7]
2024-12-01 18:02:33,431 - INFO - 
번호 27 통계:
 - 전체 출현 횟수: 3
 - 출현 확률: 0.0638
 - 최근 출현: 1회
 - 자주 함께 나온 번호: [17, 19, 36, 1, 28]
2024-12-01 18:02:33,432 - INFO - 
번호 31 통계:
 - 전체 출현 횟수: 9
 - 출현 확률: 0.1915
 - 최근 출현: 2회
 - 자주 함께 나온 번호: [38, 10, 44, 29, 30]
2024-12-01 18:02:33,432 - INFO - 
번호 43 통계:
 - 전체 출현 횟수: 3
 - 출현 확률: 0.0638
 - 최근 출현: 1회
 - 자주 함께 나온 번호: [26, 19, 45, 30, 17]
2024-12-01 18:02:33,432 - INFO - 앙상블 최종 예측: [1, 6, 7, 19, 31, 43]
2024-12-01 18:02:33,432 - ERROR - 번호 예측 중 오류 발생: too many values to unpack (expected 2)
2024-12-01 18:02:33,433 - INFO - 세트 2 예측 완료: [1, 6, 7, 19, 31, 43]
2024-12-01 18:02:33,433 - ERROR - 혼합 모델 예측 중 오류: too many values to unpack (expected 2)
2024-12-01 18:02:33,487 - INFO - 학습된 상위 20개 번호: [36, 40, 16, 32, 7, 9, 13, 14, 1, 18, 6, 31, 23, 2, 17, 35, 11, 24, 25, 34]
2024-12-01 18:02:33,488 - INFO - 세트 1 예측 완료: [1, 9, 11, 17, 24, 35]
2024-12-01 18:02:33,489 - INFO - 초기 개체군 생성 완료: 100개 염색체
2024-12-01 18:02:33,489 - INFO - 진화 시작: 20세대
2024-12-01 18:02:33,504 - INFO - 세대 0/20, 최고 적합도: 13.20
2024-12-01 18:02:33,645 - INFO - 세대 10/20, 최고 적합도: 58.08
2024-12-01 18:02:33,763 - INFO - 진화 완료
2024-12-01 18:02:33,772 - INFO - 세트 1 예측 완료: [6, 7, 19, 28, 34, 40]
2024-12-01 18:02:33,773 - INFO - 초기 개체군 생성 완료: 100개 염색체
2024-12-01 18:02:33,773 - INFO - 진화 시작: 20세대
2024-12-01 18:02:33,787 - INFO - 세대 0/20, 최고 적합도: 15.84
2024-12-01 18:02:33,941 - INFO - 세대 10/20, 최고 적합도: 43.56
2024-12-01 18:02:34,068 - INFO - 진화 완료
2024-12-01 18:02:34,077 - INFO - 세트 2 예측 완료: [6, 13, 19, 21, 28, 34]
2024-12-01 18:02:34,079 - INFO - 초기 개체군 생성 완료: 100개 염색체
2024-12-01 18:02:34,079 - INFO - 진화 시작: 20세대
2024-12-01 18:02:34,095 - INFO - 세대 0/20, 최고 적합도: 30.20
2024-12-01 18:02:34,250 - INFO - 세대 10/20, 최고 적합도: 40.92
2024-12-01 18:02:34,380 - INFO - 진화 완료
2024-12-01 18:02:34,389 - INFO - 세트 3 예측 완료: [13, 19, 21, 24, 34, 35]
2024-12-01 18:02:34,390 - INFO - 초기 개체군 생성 완료: 100개 염색체
2024-12-01 18:02:34,390 - INFO - 진화 시작: 20세대
2024-12-01 18:02:34,404 - INFO - 세대 0/20, 최고 적합도: 15.84
2024-12-01 18:02:34,547 - INFO - 세대 10/20, 최고 적합도: 37.03
2024-12-01 18:02:34,694 - INFO - 진화 완료
2024-12-01 18:02:34,704 - INFO - 세트 4 예측 완료: [6, 14, 25, 31, 33, 44]
2024-12-01 18:02:34,705 - INFO - 초기 개체군 생성 완료: 100개 염색체
2024-12-01 18:02:34,705 - INFO - 진화 시작: 20세대
2024-12-01 18:02:34,719 - INFO - 세대 0/20, 최고 적합도: 11.62
2024-12-01 18:02:34,887 - INFO - 세대 10/20, 최고 적합도: 53.24
2024-12-01 18:02:35,037 - INFO - 진화 완료
2024-12-01 18:02:35,047 - INFO - 세트 5 예측 완료: [13, 20, 24, 28, 29, 34]
2024-12-01 18:02:35,049 - INFO - 초기 개체군 생성 완료: 100개 염색체
2024-12-01 18:02:35,049 - INFO - 진화 시작: 20세대
2024-12-01 18:02:35,063 - INFO - 세대 0/20, 최고 적합도: 14.52
2024-12-01 18:02:35,206 - INFO - 세대 10/20, 최고 적합도: 67.98
2024-12-01 18:02:35,351 - INFO - 진화 완료
2024-12-01 18:02:35,362 - INFO - 세트 6 예측 완료: [4, 9, 12, 15, 17, 33]
2024-12-01 18:02:35,414 - INFO - 예측된 번호: [2, 10, 13, 22, 32, 41]
2024-12-01 18:02:35,414 - INFO - 각 번호의 확률: [0.0357, 0.0261, 0.0188, 0.0443, 0.0145, 0.0169]
2024-12-01 18:02:35,415 - INFO - 
=== 예측 결과 ===
2024-12-01 18:02:35,415 - INFO - 선택된 번호: [11, 22, 27, 33, 35, 41]
2024-12-01 18:02:35,415 - INFO - 
번호 11 통계:
 - 전체 출현 횟수: 8
 - 출현 확률: 0.1702
 - 최근 출현: 3회
 - 자주 함께 나온 번호: [21, 20, 17, 37, 7]
2024-12-01 18:02:35,415 - INFO - 
번호 22 통계:
 - 전체 출현 횟수: 3
 - 출현 확률: 0.0638
 - 최근 출현: 1회
 - 자주 함께 나온 번호: [26, 14, 10, 38, 7]
2024-12-01 18:02:35,415 - INFO - 
번호 27 통계:
 - 전체 출현 횟수: 3
 - 출현 확률: 0.0638
 - 최근 출현: 1회
 - 자주 함께 나온 번호: [17, 19, 36, 1, 28]
2024-12-01 18:02:35,415 - INFO - 
번호 33 통계:
 - 전체 출현 횟수: 11
 - 출현 확률: 0.2340
 - 최근 출현: 2회
 - 자주 함께 나온 번호: [44, 19, 13, 3, 30]
2024-12-01 18:02:35,415 - INFO - 
번호 35 통계:
 - 전체 출현 횟수: 5
 - 출현 확률: 0.1064
 - 최근 출현: 1회
 - 자주 함께 나온 번호: [34, 7, 38, 30, 21]
2024-12-01 18:02:35,415 - INFO - 
번호 41 통계:
 - 전체 출현 횟수: 5
 - 출현 확률: 0.1064
 - 최근 출현: 1회
 - 자주 함께 나온 번호: [7, 30, 28, 6, 31]
2024-12-01 18:02:35,415 - INFO - 앙상블 최종 예측: [1, 6, 11, 22, 35, 41]
2024-12-01 18:02:35,416 - ERROR - 번호 예측 중 오류 발생: too many values to unpack (expected 2)
2024-12-01 18:02:35,416 - INFO - 세트 3 예측 완료: [1, 6, 11, 22, 35, 41]
2024-12-01 18:02:35,416 - ERROR - 혼합 모델 예측 중 오류: too many values to unpack (expected 2)
2024-12-01 18:02:35,464 - INFO - 학습된 상위 20개 번호: [36, 40, 16, 32, 7, 9, 13, 14, 1, 18, 6, 31, 23, 2, 17, 35, 11, 24, 25, 34]
2024-12-01 18:02:35,465 - INFO - 세트 1 예측 완료: [2, 7, 9, 16, 25, 40]
2024-12-01 18:02:35,467 - INFO - 초기 개체군 생성 완료: 100개 염색체
2024-12-01 18:02:35,467 - INFO - 진화 시작: 20세대
2024-12-01 18:02:35,481 - INFO - 세대 0/20, 최고 적합도: 15.60
2024-12-01 18:02:35,653 - INFO - 세대 10/20, 최고 적합도: 60.50
2024-12-01 18:02:35,786 - INFO - 진화 완료
2024-12-01 18:02:35,795 - INFO - 세트 1 예측 완료: [2, 11, 31, 33, 37, 44]
2024-12-01 18:02:35,796 - INFO - 초기 개체군 생성 완료: 100개 염색체
2024-12-01 18:02:35,796 - INFO - 진화 시작: 20세대
2024-12-01 18:02:35,818 - INFO - 세대 0/20, 최고 적합도: 11.00
2024-12-01 18:02:35,966 - INFO - 세대 10/20, 최고 적합도: 37.75
2024-12-01 18:02:36,106 - INFO - 진화 완료
2024-12-01 18:02:36,118 - INFO - 세트 2 예측 완료: [2, 8, 28, 33, 37, 41]
2024-12-01 18:02:36,119 - INFO - 초기 개체군 생성 완료: 100개 염색체
2024-12-01 18:02:36,119 - INFO - 진화 시작: 20세대
2024-12-01 18:02:36,134 - INFO - 세대 0/20, 최고 적합도: 15.97
2024-12-01 18:02:36,280 - INFO - 세대 10/20, 최고 적합도: 72.60
2024-12-01 18:02:36,400 - INFO - 진화 완료
2024-12-01 18:02:36,409 - INFO - 세트 3 예측 완료: [2, 8, 28, 30, 37, 41]
2024-12-01 18:02:36,411 - INFO - 초기 개체군 생성 완료: 100개 염색체
2024-12-01 18:02:36,411 - INFO - 진화 시작: 20세대
2024-12-01 18:02:36,425 - INFO - 세대 0/20, 최고 적합도: 14.52
2024-12-01 18:02:36,572 - INFO - 세대 10/20, 최고 적합도: 74.05
2024-12-01 18:02:36,704 - INFO - 진화 완료
2024-12-01 18:02:36,713 - INFO - 세트 4 예측 완료: [5, 7, 12, 15, 37, 40]
2024-12-01 18:02:36,715 - INFO - 초기 개체군 생성 완료: 100개 염색체
2024-12-01 18:02:36,715 - INFO - 진화 시작: 20세대
2024-12-01 18:02:36,730 - INFO - 세대 0/20, 최고 적합도: 14.52
2024-12-01 18:02:36,871 - INFO - 세대 10/20, 최고 적합도: 37.03
2024-12-01 18:02:37,028 - INFO - 진화 완료
2024-12-01 18:02:37,048 - INFO - 세트 5 예측 완료: [5, 10, 17, 28, 34, 45]
2024-12-01 18:02:37,050 - INFO - 초기 개체군 생성 완료: 100개 염색체
2024-12-01 18:02:37,050 - INFO - 진화 시작: 20세대
2024-12-01 18:02:37,064 - INFO - 세대 0/20, 최고 적합도: 13.31
2024-12-01 18:02:37,221 - INFO - 세대 10/20, 최고 적합도: 37.75
2024-12-01 18:02:37,340 - INFO - 진화 완료
2024-12-01 18:02:37,348 - INFO - 세트 6 예측 완료: [5, 10, 17, 28, 34, 36]
2024-12-01 18:02:37,404 - INFO - 예측된 번호: [6, 14, 26, 32, 38, 43]
2024-12-01 18:02:37,404 - INFO - 각 번호의 확률: [0.0370, 0.0117, 0.0261, 0.0145, 0.0241, 0.0167]
2024-12-01 18:02:37,405 - INFO - 
=== 예측 결과 ===
2024-12-01 18:02:37,405 - INFO - 선택된 번호: [6, 10, 20, 24, 30, 39]
2024-12-01 18:02:37,405 - INFO - 
번호 6 통계:
 - 전체 출현 횟수: 10
 - 출현 확률: 0.2128
 - 최근 출현: 1회
 - 자주 함께 나온 번호: [1, 34, 19, 14, 40]
2024-12-01 18:02:37,405 - INFO - 
번호 10 통계:
 - 전체 출현 횟수: 7
 - 출현 확률: 0.1489
 - 최근 출현: 2회
 - 자주 함께 나온 번호: [17, 16, 33, 29, 31]
2024-12-01 18:02:37,405 - INFO - 
번호 20 통계:
 - 전체 출현 횟수: 6
 - 출현 확률: 0.1277
 - 최근 출현: 1회
 - 자주 함께 나온 번호: [16, 34, 44, 14, 13]
2024-12-01 18:02:37,405 - INFO - 
번호 24 통계:
 - 전체 출현 횟수: 4
 - 출현 확률: 0.0851
 - 최근 출현: 0회
 - 자주 함께 나온 번호: [21, 34, 31, 13, 19]
2024-12-01 18:02:37,405 - INFO - 
번호 30 통계:
 - 전체 출현 횟수: 11
 - 출현 확률: 0.2340
 - 최근 출현: 2회
 - 자주 함께 나온 번호: [17, 15, 33, 3, 31]
2024-12-01 18:02:37,406 - INFO - 
번호 39 통계:
 - 전체 출현 횟수: 2
 - 출현 확률: 0.0426
 - 최근 출현: 0회
 - 자주 함께 나온 번호: [16, 40, 44, 19, 37]
2024-12-01 18:02:37,406 - INFO - 앙상블 최종 예측: [2, 6, 7, 9, 11, 16]
2024-12-01 18:02:37,407 - INFO - 세트 4 예측 완료: [2, 6, 7, 9, 11, 16]
2024-12-01 18:02:37,408 - INFO - 
결과가 저장되었습니다: predictions/results_20241201_180237.csv
2024-12-01 18:02:37,410 - INFO - 예측 결과 - 세트  1: [4, 9, 12, 15, 18, 26]
2024-12-01 18:02:37,411 - INFO - 예측 결과 - 세트  2: [1, 6, 7, 19, 31, 43]
2024-12-01 18:02:37,411 - INFO - 예측 결과 - 세트  3: [1, 6, 11, 22, 35, 41]
2024-12-01 18:02:37,411 - INFO - 예측 결과 - 세트  4: [2, 6, 7, 9, 11, 16]
2024-12-01 18:02:37,413 - INFO - 예측 작업 완료
