2024-11-30 22:39:39,677 - INFO - 데이터 로드 완료: 1146회차
2024-11-30 22:39:39,677 - INFO - 데이터베이스 연결 성공: 1146개의 로또 회차 데이터
2024-11-30 22:39:50,418 - INFO - 예측 작업 시작
2024-11-30 22:39:50,419 - INFO - 데이터 로드 중...
2024-11-30 22:39:50,424 - INFO - 데이터 로드 완료: 1146회차
2024-11-30 22:39:50,427 - INFO - 총 1,146회차의 로또 데이터 로드 완료
2024-11-30 22:39:50,430 - INFO - 데이터 전처리 완료
2024-11-30 22:39:50,431 - INFO - 입력 데이터 shape: (19, 114, 45)
2024-11-30 22:39:50,431 - INFO - 출력 데이터 shape: (19, 45)
2024-11-30 22:39:50,431 - INFO - 
데이터 전처리 결과:
2024-11-30 22:39:50,434 - INFO - 초기 개체군 생성 완료: 100개 염색체
2024-11-30 22:39:50,443 - INFO - 진화 시작: 100세대
2024-11-30 22:39:50,443 - INFO - 입력 데이터 shape: (19, 114, 45)
2024-11-30 22:39:50,448 - INFO - 출력 데이터 shape: (19, 45)
2024-11-30 22:39:50,449 - INFO - 
유전 알고리즘 모델 처리 시작...
2024-11-30 22:39:50,450 - INFO - 모델 학습 중...
2024-11-30 22:39:50,459 - INFO - 세대 0/100, 최고 적합도: 17.16
2024-11-30 22:39:50,587 - INFO - 세대 10/100, 최고 적합도: 33.66
2024-11-30 22:39:50,713 - INFO - 세대 20/100, 최고 적합도: 50.50
2024-11-30 22:39:50,839 - INFO - 세대 30/100, 최고 적합도: 50.50
2024-11-30 22:39:50,973 - INFO - 세대 40/100, 최고 적합도: 50.50
2024-11-30 22:39:51,098 - INFO - 세대 50/100, 최고 적합도: 50.50
2024-11-30 22:39:51,225 - INFO - 세대 60/100, 최고 적합도: 50.50
2024-11-30 22:39:51,360 - INFO - 세대 70/100, 최고 적합도: 50.50
2024-11-30 22:39:51,496 - INFO - 세대 80/100, 최고 적합도: 50.50
2024-11-30 22:39:51,626 - INFO - 세대 90/100, 최고 적합도: 50.50
2024-11-30 22:39:51,739 - INFO - 진화 완료
2024-11-30 22:39:51,741 - INFO - 초기 개체군 생성 완료: 100개 염색체
2024-11-30 22:39:51,741 - INFO - 
번호 예측 중...
2024-11-30 22:39:51,741 - INFO - 진화 시작: 20세대
2024-11-30 22:39:51,755 - INFO - 세대 0/20, 최고 적합도: 15.97
2024-11-30 22:39:51,882 - INFO - 세대 10/20, 최고 적합도: 67.98
2024-11-30 22:39:51,993 - INFO - 진화 완료
2024-11-30 22:39:52,001 - INFO - 세트 1 예측 완료: [4, 9, 12, 15, 18, 45]
2024-11-30 22:39:52,002 - INFO - 초기 개체군 생성 완료: 100개 염색체
2024-11-30 22:39:52,002 - INFO - 진화 시작: 20세대
2024-11-30 22:39:52,015 - INFO - 세대 0/20, 최고 적합도: 13.20
2024-11-30 22:39:52,143 - INFO - 세대 10/20, 최고 적합도: 44.29
2024-11-30 22:39:52,257 - INFO - 진화 완료
2024-11-30 22:39:52,266 - INFO - 세트 2 예측 완료: [5, 12, 15, 30, 37, 40]
2024-11-30 22:39:52,267 - INFO - 초기 개체군 생성 완료: 100개 염색체
2024-11-30 22:39:52,267 - INFO - 진화 시작: 20세대
2024-11-30 22:39:52,280 - INFO - 세대 0/20, 최고 적합도: 5.81
2024-11-30 22:39:52,406 - INFO - 세대 10/20, 최고 적합도: 58.08
2024-11-30 22:39:52,520 - INFO - 진화 완료
2024-11-30 22:39:52,528 - INFO - 세트 3 예측 완료: [6, 7, 19, 28, 34, 41]
2024-11-30 22:39:52,530 - INFO - 초기 개체군 생성 완료: 100개 염색체
2024-11-30 22:39:52,530 - INFO - 진화 시작: 20세대
2024-11-30 22:39:52,543 - INFO - 세대 0/20, 최고 적합도: 11.62
2024-11-30 22:39:52,669 - INFO - 세대 10/20, 최고 적합도: 28.05
2024-11-30 22:39:52,783 - INFO - 진화 완료
2024-11-30 22:39:52,792 - INFO - 세트 4 예측 완료: [21, 33, 35, 38, 42, 44]
2024-11-30 22:39:52,793 - INFO - 초기 개체군 생성 완료: 100개 염색체
2024-11-30 22:39:52,793 - INFO - 진화 시작: 20세대
2024-11-30 22:39:52,806 - INFO - 세대 0/20, 최고 적합도: 12.67
2024-11-30 22:39:52,932 - INFO - 세대 10/20, 최고 적합도: 53.24
2024-11-30 22:39:53,045 - INFO - 진화 완료
2024-11-30 22:39:53,053 - INFO - 세트 5 예측 완료: [13, 14, 20, 28, 29, 34]
2024-11-30 22:39:53,055 - INFO - 초기 개체군 생성 완료: 100개 염색체
2024-11-30 22:39:53,055 - INFO - 진화 시작: 20세대
2024-11-30 22:39:53,068 - INFO - 세대 0/20, 최고 적합도: 13.31
2024-11-30 22:39:53,198 - INFO - 세대 10/20, 최고 적합도: 38.48
2024-11-30 22:39:53,311 - INFO - 진화 완료
2024-11-30 22:39:53,319 - INFO - 세트 6 예측 완료: [6, 21, 33, 35, 42, 44]
2024-11-30 22:39:53,320 - INFO - 세트 1 예측 완료: [4, 9, 12, 15, 18, 45]
2024-11-30 22:39:53,321 - INFO - 초기 개체군 생성 완료: 100개 염색체
2024-11-30 22:39:53,322 - INFO - 진화 시작: 20세대
2024-11-30 22:39:53,335 - INFO - 세대 0/20, 최고 적합도: 14.52
2024-11-30 22:39:53,463 - INFO - 세대 10/20, 최고 적합도: 36.30
2024-11-30 22:39:53,575 - INFO - 진화 완료
2024-11-30 22:39:53,583 - INFO - 세트 1 예측 완료: [7, 10, 22, 29, 31, 38]
2024-11-30 22:39:53,585 - INFO - 초기 개체군 생성 완료: 100개 염색체
2024-11-30 22:39:53,585 - INFO - 진화 시작: 20세대
2024-11-30 22:39:53,597 - INFO - 세대 0/20, 최고 적합도: 14.52
2024-11-30 22:39:53,725 - INFO - 세대 10/20, 최고 적합도: 59.82
2024-11-30 22:39:53,838 - INFO - 진화 완료
2024-11-30 22:39:53,847 - INFO - 세트 2 예측 완료: [13, 19, 21, 34, 35, 45]
2024-11-30 22:39:53,848 - INFO - 초기 개체군 생성 완료: 100개 염색체
2024-11-30 22:39:53,848 - INFO - 진화 시작: 20세대
2024-11-30 22:39:53,862 - INFO - 세대 0/20, 최고 적합도: 14.52
2024-11-30 22:39:53,991 - INFO - 세대 10/20, 최고 적합도: 33.66
2024-11-30 22:39:54,103 - INFO - 진화 완료
2024-11-30 22:39:54,111 - INFO - 세트 3 예측 완료: [1, 9, 12, 13, 20, 45]
2024-11-30 22:39:54,112 - INFO - 초기 개체군 생성 완료: 100개 염색체
2024-11-30 22:39:54,112 - INFO - 진화 시작: 20세대
2024-11-30 22:39:54,125 - INFO - 세대 0/20, 최고 적합도: 14.52
2024-11-30 22:39:54,255 - INFO - 세대 10/20, 최고 적합도: 60.60
2024-11-30 22:39:54,368 - INFO - 진화 완료
2024-11-30 22:39:54,377 - INFO - 세트 4 예측 완료: [1, 6, 13, 19, 21, 33]
2024-11-30 22:39:54,378 - INFO - 초기 개체군 생성 완료: 100개 염색체
2024-11-30 22:39:54,378 - INFO - 진화 시작: 20세대
2024-11-30 22:39:54,391 - INFO - 세대 0/20, 최고 적합도: 15.97
2024-11-30 22:39:54,519 - INFO - 세대 10/20, 최고 적합도: 67.98
2024-11-30 22:39:54,638 - INFO - 진화 완료
2024-11-30 22:39:54,647 - INFO - 세트 5 예측 완료: [4, 12, 15, 32, 33, 45]
2024-11-30 22:39:54,648 - INFO - 초기 개체군 생성 완료: 100개 염색체
2024-11-30 22:39:54,648 - INFO - 진화 시작: 20세대
2024-11-30 22:39:54,662 - INFO - 세대 0/20, 최고 적합도: 17.60
2024-11-30 22:39:54,801 - INFO - 세대 10/20, 최고 적합도: 38.48
2024-11-30 22:39:54,922 - INFO - 진화 완료
2024-11-30 22:39:54,931 - INFO - 세트 6 예측 완료: [7, 13, 19, 28, 34, 41]
2024-11-30 22:39:54,933 - INFO - 초기 개체군 생성 완료: 100개 염색체
2024-11-30 22:39:54,933 - INFO - 세트 2 예측 완료: [7, 10, 22, 29, 31, 38]
2024-11-30 22:39:54,934 - INFO - 진화 시작: 20세대
2024-11-30 22:39:54,947 - INFO - 세대 0/20, 최고 적합도: 20.00
2024-11-30 22:39:55,079 - INFO - 세대 10/20, 최고 적합도: 37.03
2024-11-30 22:39:55,200 - INFO - 진화 완료
2024-11-30 22:39:55,209 - INFO - 세트 1 예측 완료: [5, 9, 12, 30, 37, 40]
2024-11-30 22:39:55,211 - INFO - 초기 개체군 생성 완료: 100개 염색체
2024-11-30 22:39:55,211 - INFO - 진화 시작: 20세대
2024-11-30 22:39:55,225 - INFO - 세대 0/20, 최고 적합도: 14.52
2024-11-30 22:39:55,368 - INFO - 세대 10/20, 최고 적합도: 39.20
2024-11-30 22:39:55,495 - INFO - 진화 완료
2024-11-30 22:39:55,505 - INFO - 세트 2 예측 완료: [5, 15, 24, 30, 37, 40]
2024-11-30 22:39:55,506 - INFO - 초기 개체군 생성 완료: 100개 염색체
2024-11-30 22:39:55,506 - INFO - 진화 시작: 20세대
2024-11-30 22:39:55,521 - INFO - 세대 0/20, 최고 적합도: 9.60
2024-11-30 22:39:55,652 - INFO - 세대 10/20, 최고 적합도: 43.56
2024-11-30 22:39:55,768 - INFO - 진화 완료
2024-11-30 22:39:55,776 - INFO - 세트 3 예측 완료: [7, 12, 13, 19, 24, 34]
2024-11-30 22:39:55,777 - INFO - 초기 개체군 생성 완료: 100개 염색체
2024-11-30 22:39:55,778 - INFO - 진화 시작: 20세대
2024-11-30 22:39:55,790 - INFO - 세대 0/20, 최고 적합도: 13.20
2024-11-30 22:39:55,917 - INFO - 세대 10/20, 최고 적합도: 40.92
2024-11-30 22:39:56,028 - INFO - 진화 완료
2024-11-30 22:39:56,037 - INFO - 세트 4 예측 완료: [4, 9, 12, 15, 37, 40]
2024-11-30 22:39:56,038 - INFO - 초기 개체군 생성 완료: 100개 염색체
2024-11-30 22:39:56,038 - INFO - 진화 시작: 20세대
2024-11-30 22:39:56,051 - INFO - 세대 0/20, 최고 적합도: 10.65
2024-11-30 22:39:56,179 - INFO - 세대 10/20, 최고 적합도: 27.28
2024-11-30 22:39:56,295 - INFO - 진화 완료
2024-11-30 22:39:56,303 - INFO - 세트 5 예측 완료: [13, 14, 20, 28, 29, 34]
2024-11-30 22:39:56,305 - INFO - 초기 개체군 생성 완료: 100개 염색체
2024-11-30 22:39:56,305 - INFO - 진화 시작: 20세대
2024-11-30 22:39:56,318 - INFO - 세대 0/20, 최고 적합도: 12.78
2024-11-30 22:39:56,445 - INFO - 세대 10/20, 최고 적합도: 72.60
2024-11-30 22:39:56,558 - INFO - 진화 완료
2024-11-30 22:39:56,567 - INFO - 세트 6 예측 완료: [2, 19, 26, 31, 38, 41]
2024-11-30 22:39:56,568 - INFO - 세트 3 예측 완료: [5, 9, 12, 30, 37, 40]
2024-11-30 22:39:56,569 - INFO - 초기 개체군 생성 완료: 100개 염색체
2024-11-30 22:39:56,569 - INFO - 진화 시작: 20세대
2024-11-30 22:39:56,582 - INFO - 세대 0/20, 최고 적합도: 11.00
2024-11-30 22:39:56,711 - INFO - 세대 10/20, 최고 적합도: 39.20
2024-11-30 22:39:56,826 - INFO - 진화 완료
2024-11-30 22:39:56,835 - INFO - 세트 1 예측 완료: [6, 13, 19, 21, 23, 41]
2024-11-30 22:39:56,836 - INFO - 초기 개체군 생성 완료: 100개 염색체
2024-11-30 22:39:56,836 - INFO - 진화 시작: 20세대
2024-11-30 22:39:56,849 - INFO - 세대 0/20, 최고 적합도: 15.84
2024-11-30 22:39:56,977 - INFO - 세대 10/20, 최고 적합도: 37.03
2024-11-30 22:39:57,092 - INFO - 진화 완료
2024-11-30 22:39:57,102 - INFO - 세트 2 예측 완료: [6, 14, 25, 33, 34, 40]
2024-11-30 22:39:57,103 - INFO - 초기 개체군 생성 완료: 100개 염색체
2024-11-30 22:39:57,103 - INFO - 진화 시작: 20세대
2024-11-30 22:39:57,117 - INFO - 세대 0/20, 최고 적합도: 15.84
2024-11-30 22:39:57,248 - INFO - 세대 10/20, 최고 적합도: 38.48
2024-11-30 22:39:57,364 - INFO - 진화 완료
2024-11-30 22:39:57,372 - INFO - 세트 3 예측 완료: [2, 19, 26, 31, 38, 41]
2024-11-30 22:39:57,373 - INFO - 초기 개체군 생성 완료: 100개 염색체
2024-11-30 22:39:57,373 - INFO - 진화 시작: 20세대
2024-11-30 22:39:57,386 - INFO - 세대 0/20, 최고 적합도: 17.42
2024-11-30 22:39:57,514 - INFO - 세대 10/20, 최고 적합도: 37.03
2024-11-30 22:39:57,630 - INFO - 진화 완료
2024-11-30 22:39:57,644 - INFO - 세트 4 예측 완료: [2, 11, 31, 33, 37, 44]
2024-11-30 22:39:57,645 - INFO - 초기 개체군 생성 완료: 100개 염색체
2024-11-30 22:39:57,645 - INFO - 진화 시작: 20세대
2024-11-30 22:39:57,658 - INFO - 세대 0/20, 최고 적합도: 24.00
2024-11-30 22:39:57,790 - INFO - 세대 10/20, 최고 적합도: 60.50
2024-11-30 22:39:57,912 - INFO - 진화 완료
2024-11-30 22:39:57,921 - INFO - 세트 5 예측 완료: [6, 11, 17, 19, 40, 43]
2024-11-30 22:39:57,922 - INFO - 초기 개체군 생성 완료: 100개 염색체
2024-11-30 22:39:57,922 - INFO - 진화 시작: 20세대
2024-11-30 22:39:57,936 - INFO - 세대 0/20, 최고 적합도: 17.42
2024-11-30 22:39:58,075 - INFO - 세대 10/20, 최고 적합도: 37.03
2024-11-30 22:39:58,198 - INFO - 진화 완료
2024-11-30 22:39:58,207 - INFO - 세트 6 예측 완료: [5, 12, 15, 28, 37, 40]
2024-11-30 22:39:58,208 - INFO - 세트 4 예측 완료: [6, 13, 19, 21, 23, 41]
2024-11-30 22:39:58,210 - INFO - 초기 개체군 생성 완료: 100개 염색체
2024-11-30 22:39:58,210 - INFO - 진화 시작: 20세대
2024-11-30 22:39:58,225 - INFO - 세대 0/20, 최고 적합도: 14.52
2024-11-30 22:39:58,358 - INFO - 세대 10/20, 최고 적합도: 38.48
2024-11-30 22:39:58,474 - INFO - 진화 완료
2024-11-30 22:39:58,483 - INFO - 세트 1 예측 완료: [6, 21, 33, 38, 42, 44]
2024-11-30 22:39:58,484 - INFO - 초기 개체군 생성 완료: 100개 염색체
2024-11-30 22:39:58,484 - INFO - 진화 시작: 20세대
2024-11-30 22:39:58,497 - INFO - 세대 0/20, 최고 적합도: 15.97
2024-11-30 22:39:58,637 - INFO - 세대 10/20, 최고 적합도: 59.82
2024-11-30 22:39:58,752 - INFO - 진화 완료
2024-11-30 22:39:58,760 - INFO - 세트 2 예측 완료: [13, 19, 21, 23, 24, 34]
2024-11-30 22:39:58,762 - INFO - 초기 개체군 생성 완료: 100개 염색체
2024-11-30 22:39:58,762 - INFO - 진화 시작: 20세대
2024-11-30 22:39:58,774 - INFO - 세대 0/20, 최고 적합도: 13.20
2024-11-30 22:39:58,902 - INFO - 세대 10/20, 최고 적합도: 37.03
2024-11-30 22:39:59,025 - INFO - 진화 완료
2024-11-30 22:39:59,033 - INFO - 세트 3 예측 완료: [6, 11, 17, 28, 40, 43]
2024-11-30 22:39:59,035 - INFO - 초기 개체군 생성 완료: 100개 염색체
2024-11-30 22:39:59,035 - INFO - 진화 시작: 20세대
2024-11-30 22:39:59,051 - INFO - 세대 0/20, 최고 적합도: 11.62
2024-11-30 22:39:59,183 - INFO - 세대 10/20, 최고 적합도: 72.60
2024-11-30 22:39:59,306 - INFO - 진화 완료
2024-11-30 22:39:59,321 - INFO - 세트 4 예측 완료: [2, 8, 28, 30, 37, 41]
2024-11-30 22:39:59,324 - INFO - 초기 개체군 생성 완료: 100개 염색체
2024-11-30 22:39:59,324 - INFO - 진화 시작: 20세대
2024-11-30 22:39:59,351 - INFO - 세대 0/20, 최고 적합도: 15.84
2024-11-30 22:39:59,587 - INFO - 세대 10/20, 최고 적합도: 59.82
2024-11-30 22:39:59,787 - INFO - 진화 완료
2024-11-30 22:39:59,804 - INFO - 세트 5 예측 완료: [13, 19, 21, 29, 34, 35]
2024-11-30 22:39:59,806 - INFO - 초기 개체군 생성 완료: 100개 염색체
2024-11-30 22:39:59,807 - INFO - 진화 시작: 20세대
2024-11-30 22:39:59,832 - INFO - 세대 0/20, 최고 적합도: 15.84
2024-11-30 22:40:00,043 - INFO - 세대 10/20, 최고 적합도: 72.60
2024-11-30 22:40:00,160 - INFO - 진화 완료
2024-11-30 22:40:00,168 - INFO - 세트 6 예측 완료: [2, 8, 28, 30, 37, 41]
2024-11-30 22:40:00,169 - INFO - 세트 5 예측 완료: [6, 21, 33, 38, 42, 44]
2024-11-30 22:40:00,172 - INFO - 
결과가 저장되었습니다: predictions/results_20241130_224000.csv
2024-11-30 22:40:00,172 - INFO - 예측 결과 - 세트  1: [4, 9, 12, 15, 18, 45]
2024-11-30 22:40:00,172 - INFO - 예측 결과 - 세트  2: [7, 10, 22, 29, 31, 38]
2024-11-30 22:40:00,172 - INFO - 예측 결과 - 세트  3: [5, 9, 12, 30, 37, 40]
2024-11-30 22:40:00,172 - INFO - 예측 결과 - 세트  4: [6, 13, 19, 21, 23, 41]
2024-11-30 22:40:00,173 - INFO - 예측 결과 - 세트  5: [6, 21, 33, 38, 42, 44]
2024-11-30 22:40:00,174 - INFO - 예측 작업 완료
