2024-11-30 20:29:18,053 - INFO - 데이터 로드 완료: 1146회차
2024-11-30 20:29:18,054 - INFO - 데이터베이스 연결 성공: 1146개의 로또 회차 데이터
2024-11-30 20:29:34,258 - INFO - 예측 작업 시작
2024-11-30 20:29:34,260 - INFO - 데이터 로드 중...
2024-11-30 20:29:34,264 - INFO - 데이터 로드 완료: 1146회차
2024-11-30 20:29:34,265 - INFO - 총 1,146회차의 로또 데이터 로드 완료
2024-11-30 20:29:34,371 - INFO - 데이터 전처리 완료
2024-11-30 20:29:34,371 - INFO - 시퀀스 shape: (1136, 10, 6)
2024-11-30 20:29:34,371 - INFO - 특징 shape: (1136, 12)
2024-11-30 20:29:34,371 - INFO - 타겟 shape: (1136, 45)
2024-11-30 20:29:34,375 - INFO - 데이터 전처리 완료
2024-11-30 20:29:34,386 - INFO - 시퀀스 shape: (1136, 10, 6)
2024-11-30 20:29:34,386 - INFO - 특징 shape: (1136, 12)
2024-11-30 20:29:34,386 - INFO - 타겟 shape: (1136, 45)
2024-11-30 20:29:34,387 - INFO - 고급 특징 shape: (1146, 35)
2024-11-30 20:29:34,387 - INFO - 
데이터 전처리 결과:
2024-11-30 20:29:34,387 - INFO - 입력 데이터 shape: (1136, 10, 6)
2024-11-30 20:29:34,388 - INFO - 출력 데이터 shape: (1136, 45)
2024-11-30 20:29:34,388 - INFO - 통계 분석 시작...
2024-11-30 20:29:34,397 - INFO - 
통계 기반 모델 처리 시작...
2024-11-30 20:29:34,398 - INFO - 모델 학습 중...
2024-11-30 20:29:34,581 - INFO - 최대 연속 기록: 1회
2024-11-30 20:29:34,583 - INFO - 통계 분석 완료
2024-11-30 20:29:34,583 - INFO - 
=== 통계 분석 결과 ===
2024-11-30 20:29:34,583 - INFO - 
최다 출현 번호:
2024-11-30 20:29:34,583 - INFO - 번호 18: 165회
2024-11-30 20:29:34,583 - INFO - 번호 14: 165회
2024-11-30 20:29:34,583 - INFO - 번호 13: 165회
2024-11-30 20:29:34,583 - INFO - 번호 12: 168회
2024-11-30 20:29:34,583 - INFO - 번호 34: 177회
2024-11-30 20:29:34,583 - INFO - 
최소 출현 번호:
2024-11-30 20:29:34,583 - INFO - 번호 9: 121회
2024-11-30 20:29:34,583 - INFO - 번호 32: 133회
2024-11-30 20:29:34,583 - INFO - 번호 22: 135회
2024-11-30 20:29:34,583 - INFO - 번호 23: 136회
2024-11-30 20:29:34,583 - INFO - 번호 25: 140회
2024-11-30 20:29:34,583 - INFO - 
구간별 분포:
2024-11-30 20:29:34,583 - INFO - 1-10: 21.57%
2024-11-30 20:29:34,583 - INFO - 11-20: 23.33%
2024-11-30 20:29:34,583 - INFO - 21-30: 21.32%
2024-11-30 20:29:34,583 - INFO - 31-40: 22.72%
2024-11-30 20:29:34,583 - INFO - 41-45: 11.07%
2024-11-30 20:29:34,584 - INFO - 
=== 예측 결과 ===
2024-11-30 20:29:34,584 - INFO - 선택된 번호: [4, 7, 11, 13, 27, 35]
2024-11-30 20:29:34,584 - INFO - 
번호 4 통계:
 - 전체 출현 횟수: 152
 - 출현 확률: 0.1326
 - 최근 출현: 2회
 - 자주 함께 나온 번호: [10, 26, 20, 40, 33]
2024-11-30 20:29:34,584 - INFO - 
번호 7 통계:
 - 전체 출현 횟수: 156
 - 출현 확률: 0.1361
 - 최근 출현: 2회
 - 자주 함께 나온 번호: [22, 24, 19, 33, 18]
2024-11-30 20:29:34,584 - INFO - 
번호 11 통계:
 - 전체 출현 횟수: 157
 - 출현 확률: 0.1370
 - 최근 출현: 3회
 - 자주 함께 나온 번호: [17, 39, 5, 44, 21]
2024-11-30 20:29:34,585 - INFO - 
번호 13 통계:
 - 전체 출현 횟수: 165
 - 출현 확률: 0.1440
 - 최근 출현: 0회
 - 자주 함께 나온 번호: [18, 20, 5, 3, 33]
2024-11-30 20:29:34,585 - INFO - 
번호 27 통계:
 - 전체 출현 횟수: 161
 - 출현 확률: 0.1405
 - 최근 출현: 1회
 - 자주 함께 나온 번호: [3, 35, 40, 24, 8]
2024-11-30 20:29:34,584 - INFO - 
번호 예측 중...
2024-11-30 20:29:34,585 - INFO - 
번호 35 통계:
 - 전체 출현 횟수: 150
 - 출현 확률: 0.1309
 - 최근 출현: 1회
 - 자주 함께 나온 번호: [10, 33, 20, 43, 27]
2024-11-30 20:29:34,587 - INFO - 세트 1 예측 완료: [4, 7, 11, 13, 27, 35]
2024-11-30 20:29:34,587 - INFO - 
결과가 저장되었습니다: predictions/results_20241130_202934.csv
2024-11-30 20:29:34,587 - INFO - 예측 결과 - 세트  1: [4, 7, 11, 13, 27, 35]
2024-11-30 20:29:34,588 - INFO - 예측 작업 완료
2024-11-30 20:29:44,698 - INFO - 예측 작업 시작
2024-11-30 20:29:44,699 - INFO - 데이터 로드 중...
2024-11-30 20:29:44,703 - INFO - 데이터 로드 완료: 1146회차
2024-11-30 20:29:44,704 - INFO - 총 1,146회차의 로또 데이터 로드 완료
2024-11-30 20:29:44,816 - INFO - 데이터 전처리 완료
2024-11-30 20:29:44,817 - INFO - 시퀀스 shape: (1032, 114, 6)
2024-11-30 20:29:44,817 - INFO - 특징 shape: (1032, 12)
2024-11-30 20:29:44,817 - INFO - 타겟 shape: (1032, 45)
2024-11-30 20:29:44,821 - INFO - 데이터 전처리 완료
2024-11-30 20:29:44,821 - INFO - 시퀀스 shape: (1032, 114, 6)
2024-11-30 20:29:44,821 - INFO - 특징 shape: (1032, 12)
2024-11-30 20:29:44,821 - INFO - 타겟 shape: (1032, 45)
2024-11-30 20:29:44,821 - INFO - 고급 특징 shape: (1146, 35)
2024-11-30 20:29:44,822 - INFO - 
데이터 전처리 결과:
2024-11-30 20:29:44,822 - INFO - 입력 데이터 shape: (1032, 114, 6)
2024-11-30 20:29:44,822 - INFO - 출력 데이터 shape: (1032, 45)
2024-11-30 20:29:44,823 - INFO - 
통계 기반 모델 처리 시작...
2024-11-30 20:29:44,824 - INFO - 통계 분석 시작...
2024-11-30 20:29:44,829 - INFO - 모델 학습 중...
2024-11-30 20:29:45,014 - INFO - 최대 연속 기록: 1회
2024-11-30 20:29:45,016 - INFO - 통계 분석 완료
2024-11-30 20:29:45,016 - INFO - 
=== 통계 분석 결과 ===
2024-11-30 20:29:45,016 - INFO - 
최다 출현 번호:
2024-11-30 20:29:45,016 - INFO - 번호 18: 165회
2024-11-30 20:29:45,016 - INFO - 번호 14: 165회
2024-11-30 20:29:45,016 - INFO - 번호 13: 165회
2024-11-30 20:29:45,016 - INFO - 번호 12: 168회
2024-11-30 20:29:45,016 - INFO - 번호 34: 177회
2024-11-30 20:29:45,016 - INFO - 
최소 출현 번호:
2024-11-30 20:29:45,016 - INFO - 번호 9: 121회
2024-11-30 20:29:45,016 - INFO - 번호 32: 133회
2024-11-30 20:29:45,017 - INFO - 번호 22: 135회
2024-11-30 20:29:45,017 - INFO - 번호 23: 136회
2024-11-30 20:29:45,017 - INFO - 번호 25: 140회
2024-11-30 20:29:45,017 - INFO - 
구간별 분포:
2024-11-30 20:29:45,017 - INFO - 1-10: 21.57%
2024-11-30 20:29:45,017 - INFO - 11-20: 23.33%
2024-11-30 20:29:45,017 - INFO - 21-30: 21.32%
2024-11-30 20:29:45,017 - INFO - 31-40: 22.72%
2024-11-30 20:29:45,017 - INFO - 41-45: 11.07%
2024-11-30 20:29:45,017 - INFO - 
=== 예측 결과 ===
2024-11-30 20:29:45,018 - INFO - 
번호 예측 중...
2024-11-30 20:29:45,018 - INFO - 선택된 번호: [11, 17, 21, 29, 31, 42]
2024-11-30 20:29:45,018 - INFO - 
번호 11 통계:
 - 전체 출현 횟수: 157
 - 출현 확률: 0.1370
 - 최근 출현: 3회
 - 자주 함께 나온 번호: [17, 39, 5, 44, 21]
2024-11-30 20:29:45,018 - INFO - 
번호 17 통계:
 - 전체 출현 횟수: 161
 - 출현 확률: 0.1405
 - 최근 출현: 2회
 - 자주 함께 나온 번호: [31, 18, 11, 8, 45]
2024-11-30 20:29:45,018 - INFO - 
번호 21 통계:
 - 전체 출현 횟수: 157
 - 출현 확률: 0.1370
 - 최근 출현: 1회
 - 자주 함께 나온 번호: [6, 18, 19, 34, 11]
2024-11-30 20:29:45,018 - INFO - 
번호 29 통계:
 - 전체 출현 횟수: 143
 - 출현 확률: 0.1248
 - 최근 출현: 2회
 - 자주 함께 나온 번호: [7, 34, 1, 44, 33]
2024-11-30 20:29:45,018 - INFO - 
번호 31 통계:
 - 전체 출현 횟수: 155
 - 출현 확률: 0.1353
 - 최근 출현: 2회
 - 자주 함께 나온 번호: [38, 40, 34, 18, 10]
2024-11-30 20:29:45,018 - INFO - 
번호 42 통계:
 - 전체 출현 횟수: 145
 - 출현 확률: 0.1265
 - 최근 출현: 0회
 - 자주 함께 나온 번호: [19, 1, 45, 12, 34]
2024-11-30 20:29:45,020 - INFO - 세트 1 예측 완료: [11, 17, 21, 29, 31, 42]
2024-11-30 20:29:45,021 - INFO - 
결과가 저장되었습니다: predictions/results_20241130_202945.csv
2024-11-30 20:29:45,021 - INFO - 예측 결과 - 세트  1: [11, 17, 21, 29, 31, 42]
2024-11-30 20:29:45,022 - INFO - 예측 작업 완료
