2024-11-30 22:43:48,323 - INFO - 데이터 로드 완료: 1146회차
2024-11-30 22:43:48,323 - INFO - 데이터베이스 연결 성공: 1146개의 로또 회차 데이터
2024-11-30 22:43:56,460 - INFO - 예측 작업 시작
2024-11-30 22:43:56,461 - INFO - 데이터 로드 중...
2024-11-30 22:43:56,465 - INFO - 데이터 로드 완료: 1146회차
2024-11-30 22:43:56,469 - INFO - 총 1,146회차의 로또 데이터 로드 완료
2024-11-30 22:43:56,471 - INFO - 데이터 전처리 완료
2024-11-30 22:43:56,472 - INFO - 입력 데이터 shape: (19, 114, 45)
2024-11-30 22:43:56,472 - INFO - 출력 데이터 shape: (19, 45)
2024-11-30 22:43:56,472 - INFO - 
데이터 전처리 결과:
2024-11-30 22:43:56,491 - INFO - 입력 데이터 shape: (19, 114, 45)
2024-11-30 22:43:56,491 - INFO - 출력 데이터 shape: (19, 45)
2024-11-30 22:43:57,132 - WARNING - From G:\anaconda3\envs\tensorflow\Lib\site-packages\keras\src\backend\tensorflow\core.py:204: The name tf.placeholder is deprecated. Please use tf.compat.v1.placeholder instead.

2024-11-30 22:43:57,668 - INFO - 트랜스포머 모델 구축 완료
2024-11-30 22:43:57,678 - INFO - Model: "functional_4"
┌─────────────────────────────────┬────────────────────────┬───────────────┐
│ Layer (type)                    │ Output Shape           │       Param # │
├─────────────────────────────────┼────────────────────────┼───────────────┤
│ input_layer (InputLayer)        │ (None, 10, 45)         │             0 │
├─────────────────────────────────┼────────────────────────┼───────────────┤
│ dense (Dense)                   │ (None, 10, 64)         │         2,944 │
├─────────────────────────────────┼────────────────────────┼───────────────┤
│ add (Add)                       │ (None, 10, 64)         │             0 │
├─────────────────────────────────┼────────────────────────┼───────────────┤
│ transformer_block               │ (None, 10, 64)         │       141,248 │
│ (TransformerBlock)              │                        │               │
├─────────────────────────────────┼────────────────────────┼───────────────┤
│ transformer_block_1             │ (None, 10, 64)         │       141,248 │
│ (TransformerBlock)              │                        │               │
├─────────────────────────────────┼────────────────────────┼───────────────┤
│ transformer_block_2             │ (None, 10, 64)         │       141,248 │
│ (TransformerBlock)              │                        │               │
├─────────────────────────────────┼────────────────────────┼───────────────┤
│ transformer_block_3             │ (None, 10, 64)         │       141,248 │
│ (TransformerBlock)              │                        │               │
├─────────────────────────────────┼────────────────────────┼───────────────┤
│ global_average_pooling1d        │ (None, 64)             │             0 │
│ (GlobalAveragePooling1D)        │                        │               │
├─────────────────────────────────┼────────────────────────┼───────────────┤
│ dropout_12 (Dropout)            │ (None, 64)             │             0 │
├─────────────────────────────────┼────────────────────────┼───────────────┤
│ dense_9 (Dense)                 │ (None, 256)            │        16,640 │
├─────────────────────────────────┼────────────────────────┼───────────────┤
│ dropout_13 (Dropout)            │ (None, 256)            │             0 │
├─────────────────────────────────┼────────────────────────┼───────────────┤
│ dense_10 (Dense)                │ (None, 45)             │        11,565 │
└─────────────────────────────────┴────────────────────────┴───────────────┘
 Total params: 596,141 (2.27 MB)
 Trainable params: 596,141 (2.27 MB)
 Non-trainable params: 0 (0.00 B)

2024-11-30 22:43:57,680 - INFO - 
트랜스포머 모델 처리 시작...
2024-11-30 22:43:57,682 - INFO - 모델 학습 중...
2024-11-30 22:44:14,520 - INFO - 
=== 학습 결과 ===
2024-11-30 22:44:14,520 - INFO - 최종 훈련 손실: 304.2147
2024-11-30 22:44:14,520 - INFO - 최종 훈련 정확도: 0.0167
2024-11-30 22:44:14,521 - INFO - 
번호 예측 중...
2024-11-30 22:44:14,979 - INFO - 예측된 번호: [10, 24, 29, 33, 37, 39]
2024-11-30 22:44:14,980 - INFO - 각 번호의 확률: [0.0345, 0.0332, 0.0397, 0.0049, 0.0674, 0.0389]
2024-11-30 22:44:14,981 - INFO - 세트 1 예측 완료: [10, 24, 29, 33, 37, 39]
2024-11-30 22:44:15,031 - INFO - 예측된 번호: [3, 14, 24, 37, 39, 40]
2024-11-30 22:44:15,032 - INFO - 각 번호의 확률: [0.0275, 0.0946, 0.0332, 0.0674, 0.0389, 0.0564]
2024-11-30 22:44:15,033 - INFO - 세트 2 예측 완료: [3, 14, 24, 37, 39, 40]
2024-11-30 22:44:15,084 - INFO - 예측된 번호: [4, 14, 26, 36, 38, 39]
2024-11-30 22:44:15,084 - INFO - 각 번호의 확률: [0.0025, 0.0946, 0.0911, 0.0386, 0.0689, 0.0389]
2024-11-30 22:44:15,085 - INFO - 세트 3 예측 완료: [4, 14, 26, 36, 38, 39]
2024-11-30 22:44:15,137 - INFO - 예측된 번호: [26, 27, 37, 40, 42, 45]
2024-11-30 22:44:15,137 - INFO - 각 번호의 확률: [0.0911, 0.0224, 0.0674, 0.0564, 0.0126, 0.0220]
2024-11-30 22:44:15,138 - INFO - 세트 4 예측 완료: [26, 27, 37, 40, 42, 45]
2024-11-30 22:44:15,189 - INFO - 예측된 번호: [10, 14, 21, 38, 41, 45]
2024-11-30 22:44:15,189 - INFO - 각 번호의 확률: [0.0345, 0.0946, 0.0065, 0.0689, 0.0400, 0.0220]
2024-11-30 22:44:15,190 - INFO - 세트 5 예측 완료: [10, 14, 21, 38, 41, 45]
2024-11-30 22:44:15,191 - INFO - 
결과가 저장되었습니다: predictions/results_20241130_224415.csv
2024-11-30 22:44:15,192 - INFO - 예측 결과 - 세트  1: [10, 24, 29, 33, 37, 39]
2024-11-30 22:44:15,192 - INFO - 예측 결과 - 세트  2: [3, 14, 24, 37, 39, 40]
2024-11-30 22:44:15,193 - INFO - 예측 결과 - 세트  3: [4, 14, 26, 36, 38, 39]
2024-11-30 22:44:15,193 - INFO - 예측 결과 - 세트  4: [26, 27, 37, 40, 42, 45]
2024-11-30 22:44:15,193 - INFO - 예측 결과 - 세트  5: [10, 14, 21, 38, 41, 45]
2024-11-30 22:44:15,194 - INFO - 예측 작업 완료
