2024-11-30 20:56:15,798 - INFO - 데이터 로드 완료: 1146회차
2024-11-30 20:56:15,798 - INFO - 데이터베이스 연결 성공: 1146개의 로또 회차 데이터
2024-11-30 20:56:22,303 - INFO - 예측 작업 시작
2024-11-30 20:56:22,305 - INFO - 데이터 로드 중...
2024-11-30 20:56:22,308 - INFO - 데이터 로드 완료: 1146회차
2024-11-30 20:56:22,310 - INFO - 총 1,146회차의 로또 데이터 로드 완료
2024-11-30 20:56:22,315 - INFO - 데이터 전처리 완료
2024-11-30 20:56:22,315 - INFO - 입력 데이터 shape: (19, 114, 45)
2024-11-30 20:56:22,315 - INFO - 출력 데이터 shape: (19, 45)
2024-11-30 20:56:22,316 - INFO - 
데이터 전처리 결과:
2024-11-30 20:56:22,336 - INFO - 입력 데이터 shape: (19, 114, 45)
2024-11-30 20:56:22,337 - INFO - 출력 데이터 shape: (19, 45)
2024-11-30 20:56:22,490 - INFO - 하이브리드 모델 구축 완료
2024-11-30 20:56:22,490 - INFO - 마킹 패턴 생성 완료 - shape: (19, 7, 7, 1)
2024-11-30 20:56:22,492 - INFO - 
혼합 모델 처리 시작...
2024-11-30 20:56:22,492 - INFO - Training data shapes:
2024-11-30 20:56:22,492 - INFO - 모델 학습 중...
2024-11-30 20:56:22,492 - INFO - X_cnn: (19, 7, 7, 1)
2024-11-30 20:56:22,492 - INFO - X_lstm: (19, 114, 45)
2024-11-30 20:56:22,492 - INFO - y: (19, 45)
2024-11-30 20:56:36,724 - INFO - 
=== 학습 결과 ===
2024-11-30 20:56:36,724 - INFO - 최종 훈련 손실: 20.7994
2024-11-30 20:56:36,724 - INFO - 최종 훈련 정확도: 0.0526
2024-11-30 20:56:36,725 - INFO - 
번호 예측 중...
2024-11-30 20:56:37,273 - INFO - 
=== 예측 결과 ===
2024-11-30 20:56:37,273 - INFO - 선택된 번호: [3, 12, 35, 41, 42, 44]
2024-11-30 20:56:37,273 - INFO - 각 번호의 확률: [0.0395, 0.0123, 0.0122, 0.0160, 0.0207, 0.0249]
2024-11-30 20:56:37,274 - INFO - 세트 1 예측 완료: [3, 12, 35, 41, 42, 44]
2024-11-30 20:56:37,336 - INFO - 
=== 예측 결과 ===
2024-11-30 20:56:37,336 - INFO - 선택된 번호: [24, 29, 31, 38, 43, 45]
2024-11-30 20:56:37,336 - INFO - 각 번호의 확률: [0.0128, 0.0461, 0.0456, 0.0464, 0.0173, 0.0382]
2024-11-30 20:56:37,338 - INFO - 세트 2 예측 완료: [24, 29, 31, 38, 43, 45]
2024-11-30 20:56:37,400 - INFO - 
=== 예측 결과 ===
2024-11-30 20:56:37,401 - INFO - 선택된 번호: [26, 34, 36, 37, 39, 41]
2024-11-30 20:56:37,401 - INFO - 각 번호의 확률: [0.0119, 0.0300, 0.0151, 0.0193, 0.0193, 0.0160]
2024-11-30 20:56:37,402 - INFO - 세트 3 예측 완료: [26, 34, 36, 37, 39, 41]
2024-11-30 20:56:37,464 - INFO - 
=== 예측 결과 ===
2024-11-30 20:56:37,464 - INFO - 선택된 번호: [3, 24, 31, 34, 37, 38]
2024-11-30 20:56:37,464 - INFO - 각 번호의 확률: [0.0395, 0.0128, 0.0456, 0.0300, 0.0193, 0.0464]
2024-11-30 20:56:37,465 - INFO - 세트 4 예측 완료: [3, 24, 31, 34, 37, 38]
2024-11-30 20:56:37,526 - INFO - 
=== 예측 결과 ===
2024-11-30 20:56:37,526 - INFO - 선택된 번호: [10, 16, 20, 23, 34, 44]
2024-11-30 20:56:37,526 - INFO - 각 번호의 확률: [0.0497, 0.0369, 0.0090, 0.0141, 0.0300, 0.0249]
2024-11-30 20:56:37,527 - INFO - 세트 5 예측 완료: [10, 16, 20, 23, 34, 44]
2024-11-30 20:56:37,529 - INFO - 
결과가 저장되었습니다: predictions/results_20241130_205637.csv
2024-11-30 20:56:37,530 - INFO - 예측 결과 - 세트  1: [3, 12, 35, 41, 42, 44]
2024-11-30 20:56:37,530 - INFO - 예측 결과 - 세트  2: [24, 29, 31, 38, 43, 45]
2024-11-30 20:56:37,530 - INFO - 예측 결과 - 세트  3: [26, 34, 36, 37, 39, 41]
2024-11-30 20:56:37,530 - INFO - 예측 결과 - 세트  4: [3, 24, 31, 34, 37, 38]
2024-11-30 20:56:37,531 - INFO - 예측 결과 - 세트  5: [10, 16, 20, 23, 34, 44]
2024-11-30 20:56:37,532 - INFO - 예측 작업 완료
