2024-12-01 09:20:52,992 - INFO - 데이터 로드 완료: 1146회차
2024-12-01 09:20:52,993 - INFO - 데이터베이스 연결 성공: 1146개의 로또 회차 데이터
2024-12-01 09:21:10,083 - INFO - 예측 작업 시작
2024-12-01 09:21:10,085 - INFO - 데이터 로드 중...
2024-12-01 09:21:10,086 - INFO - 데이터 로드 완료: 147회차
2024-12-01 09:21:10,091 - INFO - 총 147회차의 로또 데이터 로드 완료
2024-12-01 09:21:10,091 - INFO - 데이터 전처리 완료
2024-12-01 09:21:10,091 - INFO - 입력 데이터 shape: (19, 14, 45)
2024-12-01 09:21:10,091 - INFO - 출력 데이터 shape: (19, 45)
2024-12-01 09:21:10,104 - INFO - 
데이터 전처리 결과:
2024-12-01 09:21:10,131 - INFO - 입력 데이터 shape: (19, 14, 45)
2024-12-01 09:21:10,131 - INFO - 출력 데이터 shape: (19, 45)
2024-12-01 09:21:10,307 - INFO - 하이브리드 모델 구축 완료
2024-12-01 09:21:10,308 - INFO - 마킹 패턴 생성 완료 - shape: (19, 7, 7, 1)
2024-12-01 09:21:10,308 - INFO - Training data shapes:
2024-12-01 09:21:10,309 - INFO - 
혼합 모델 처리 시작...
2024-12-01 09:21:10,309 - INFO - X_cnn: (19, 7, 7, 1)
2024-12-01 09:21:10,310 - INFO - X_lstm: (19, 14, 45)
2024-12-01 09:21:10,310 - INFO - y: (19, 45)
2024-12-01 09:21:10,309 - INFO - 모델 학습 중...
2024-12-01 09:21:21,381 - INFO - 
=== 학습 결과 ===
2024-12-01 09:21:21,381 - INFO - 최종 훈련 손실: 21.3923
2024-12-01 09:21:21,381 - INFO - 최종 훈련 정확도: 0.2632
2024-12-01 09:21:21,382 - INFO - 
번호 예측 중...
2024-12-01 09:21:21,935 - INFO - 
=== 예측 결과 ===
2024-12-01 09:21:21,935 - INFO - 선택된 번호: [6, 7, 10, 14, 33, 41]
2024-12-01 09:21:21,935 - INFO - 각 번호의 확률: [0.0243, 0.0253, 0.0232, 0.0251, 0.0331, 0.0232]
2024-12-01 09:21:21,937 - INFO - 세트 1 예측 완료: [6, 7, 10, 14, 33, 41]
2024-12-01 09:21:21,993 - INFO - 
=== 예측 결과 ===
2024-12-01 09:21:21,993 - INFO - 선택된 번호: [1, 12, 13, 18, 25, 33]
2024-12-01 09:21:21,993 - INFO - 각 번호의 확률: [0.0206, 0.0230, 0.0127, 0.0315, 0.0259, 0.0331]
2024-12-01 09:21:21,994 - INFO - 세트 2 예측 완료: [1, 12, 13, 18, 25, 33]
2024-12-01 09:21:22,049 - INFO - 
=== 예측 결과 ===
2024-12-01 09:21:22,049 - INFO - 선택된 번호: [7, 16, 17, 28, 36, 42]
2024-12-01 09:21:22,049 - INFO - 각 번호의 확률: [0.0253, 0.0190, 0.0225, 0.0230, 0.0291, 0.0211]
2024-12-01 09:21:22,050 - INFO - 세트 3 예측 완료: [7, 16, 17, 28, 36, 42]
2024-12-01 09:21:22,104 - INFO - 
=== 예측 결과 ===
2024-12-01 09:21:22,105 - INFO - 선택된 번호: [1, 4, 7, 9, 23, 43]
2024-12-01 09:21:22,105 - INFO - 각 번호의 확률: [0.0206, 0.0352, 0.0253, 0.0272, 0.0172, 0.0189]
2024-12-01 09:21:22,106 - INFO - 세트 4 예측 완료: [1, 4, 7, 9, 23, 43]
2024-12-01 09:21:22,160 - INFO - 
=== 예측 결과 ===
2024-12-01 09:21:22,160 - INFO - 선택된 번호: [1, 4, 23, 35, 41, 42]
2024-12-01 09:21:22,160 - INFO - 각 번호의 확률: [0.0206, 0.0352, 0.0172, 0.0239, 0.0232, 0.0211]
2024-12-01 09:21:22,161 - INFO - 세트 5 예측 완료: [1, 4, 23, 35, 41, 42]
2024-12-01 09:21:22,163 - INFO - 
결과가 저장되었습니다: predictions/results_20241201_092122.csv
2024-12-01 09:21:22,164 - INFO - 예측 결과 - 세트  1: [6, 7, 10, 14, 33, 41]
2024-12-01 09:21:22,164 - INFO - 예측 결과 - 세트  2: [1, 12, 13, 18, 25, 33]
2024-12-01 09:21:22,164 - INFO - 예측 결과 - 세트  3: [7, 16, 17, 28, 36, 42]
2024-12-01 09:21:22,164 - INFO - 예측 결과 - 세트  4: [1, 4, 7, 9, 23, 43]
2024-12-01 09:21:22,165 - INFO - 예측 결과 - 세트  5: [1, 4, 23, 35, 41, 42]
2024-12-01 09:21:22,166 - INFO - 예측 작업 완료
